I, [2025-03-18T16:57:32.253850 #20559]  INFO -- : Cleared interactions
I, [2025-03-18T16:57:32.257313 #20559]  INFO -- : Registered expected interaction GET /user
D, [2025-03-18T16:57:32.257430 #20559] DEBUG -- : {
  "description": "a request for a user",
  "providerState": "a user exists",
  "request": {
    "method": "get",
    "path": "/user"
  },
  "response": {
    "status": 200,
    "headers": {
    },
    "body": {
      "email": "john.doe@example.com",
      "id": 1,
      "name": "John Doe"
    }
  },
  "metadata": null
}
I, [2025-03-18T16:57:32.259897 #20559]  INFO -- : Received request GET /user
D, [2025-03-18T16:57:32.259967 #20559] DEBUG -- : {
  "path": "/user",
  "query": "",
  "method": "get",
  "headers": {
    "Host": "localhost:1234",
    "User-Agent": "python-requests/2.32.3",
    "Accept-Encoding": "gzip, deflate",
    "Accept": "*/*",
    "Connection": "keep-alive",
    "Version": "HTTP/1.1"
  }
}
I, [2025-03-18T16:57:32.260121 #20559]  INFO -- : Found matching response for GET /user
D, [2025-03-18T16:57:32.260164 #20559] DEBUG -- : {
  "status": 200,
  "headers": {
  },
  "body": {
    "email": "john.doe@example.com",
    "id": 1,
    "name": "John Doe"
  }
}
I, [2025-03-18T16:57:32.262406 #20559]  INFO -- : Verifying - interactions matched
I, [2025-03-18T16:57:32.265059 #20559]  INFO -- : Writing pact for provider to /Users/patrick/Projects/liatrio/pact-playground/consumer/consumer-provider.json
